{
  "stats": {
    "suites": 0,
    "tests": 0,
    "passes": 0,
    "pending": 0,
    "failures": 0,
    "start": "2021-09-08T12:24:24.749Z",
    "end": "2021-09-08T12:24:24.775Z",
    "duration": 26,
    "testsRegistered": 363,
    "passPercent": 0,
    "pendingPercent": 0,
    "other": 1,
    "hasOther": true,
    "skipped": 363,
    "hasSkipped": true
  },
  "results": [
    {
      "uuid": "60720f68-c599-4517-bbe5-4c355843c456",
      "title": "",
      "fullFile": "",
      "file": "",
      "beforeHooks": [
        {
          "title": "\"before all\" hook in \"{root}\"",
          "fullTitle": "\"before all\" hook in \"{root}\"",
          "timedOut": false,
          "duration": 20,
          "state": "failed",
          "speed": null,
          "pass": false,
          "fail": true,
          "pending": false,
          "context": null,
          "code": "await substrate_api_1.default(async () => {\n    Alice = privateKey_1.default('//Alice');\n    Bob = privateKey_1.default('//Bob');\n    Ferdie = privateKey_1.default('//Ferdie');\n});",
          "err": {
            "message": "Error: the object {\n  \"_yaeti\": true\n  \"cancelable\": true\n  \"isTrusted\": false\n  \"stopImmediatePropagation\": [Function]\n  \"target\": {\n    \"_binaryType\": \"arraybuffer\"\n    \"_bufferedAmount\": 0\n    \"_client\": {\n      \"_events\": {}\n      \"_eventsCount\": 0\n      \"_maxListeners\": [undefined]\n      \"_req\": [null]\n      \"base64nonce\": \"2bcUD3AqQVk1QNSE5Wi2wA==\"\n      \"config\": {\n        \"assembleFragments\": true\n        \"closeTimeout\": 5000\n        \"disableNagleAlgorithm\": true\n        \"fragmentOutgoingMessages\": true\n        \"fragmentationThreshold\": 262144\n        \"maxReceivedFrameSize\": 1048576\n        \"maxReceivedMessageSize\": 16777216\n        \"tlsOptions\": {}\n        \"webSocketVersion\": 13\n      }\n      \"origin\": [undefined]\n      \"protocols\": []\n      \"secure\": false\n      \"url\": {\n        \"auth\": [null]\n        \"hash\": [null]\n        \"host\": \"172.17.0.1:9944\"\n        \"hostname\": \"172.17.0.1\"\n        \"href\": \"ws://172.17.0.1:9944/\"\n        \"path\": \"/\"\n        \"pathname\": \"/\"\n        \"port\": \"9944\"\n        \"protocol\": \"ws:\"\n        \"query\": [null]\n        \"search\": [null]\n        \"slashes\": true\n      }\n    }\n    \"_connection\": [undefined]\n    \"_extensions\": \"\"\n    \"_listeners\": {}\n    \"_protocol\": [undefined]\n    \"_readyState\": 3\n    \"_url\": \"ws://172.17.0.1:9944\"\n    \"addEventListener\": [Function]\n    \"dispatchEvent\": [Function]\n    \"onclose\": [null]\n    \"onerror\": [null]\n    \"onmessage\": [null]\n    \"onopen\": [null]\n    \"removeEventListener\": [Function]\n  }\n  \"type\": \"error\"\n} was thrown, throw an Error :)",
            "estack": "Error: the object {\n  \"_yaeti\": true\n  \"cancelable\": true\n  \"isTrusted\": false\n  \"stopImmediatePropagation\": [Function]\n  \"target\": {\n    \"_binaryType\": \"arraybuffer\"\n    \"_bufferedAmount\": 0\n    \"_client\": {\n      \"_events\": {}\n      \"_eventsCount\": 0\n      \"_maxListeners\": [undefined]\n      \"_req\": [null]\n      \"base64nonce\": \"2bcUD3AqQVk1QNSE5Wi2wA==\"\n      \"config\": {\n        \"assembleFragments\": true\n        \"closeTimeout\": 5000\n        \"disableNagleAlgorithm\": true\n        \"fragmentOutgoingMessages\": true\n        \"fragmentationThreshold\": 262144\n        \"maxReceivedFrameSize\": 1048576\n        \"maxReceivedMessageSize\": 16777216\n        \"tlsOptions\": {}\n        \"webSocketVersion\": 13\n      }\n      \"origin\": [undefined]\n      \"protocols\": []\n      \"secure\": false\n      \"url\": {\n        \"auth\": [null]\n        \"hash\": [null]\n        \"host\": \"172.17.0.1:9944\"\n        \"hostname\": \"172.17.0.1\"\n        \"href\": \"ws://172.17.0.1:9944/\"\n        \"path\": \"/\"\n        \"pathname\": \"/\"\n        \"port\": \"9944\"\n        \"protocol\": \"ws:\"\n        \"query\": [null]\n        \"search\": [null]\n        \"slashes\": true\n      }\n    }\n    \"_connection\": [undefined]\n    \"_extensions\": \"\"\n    \"_listeners\": {}\n    \"_protocol\": [undefined]\n    \"_readyState\": 3\n    \"_url\": \"ws://172.17.0.1:9944\"\n    \"addEventListener\": [Function]\n    \"dispatchEvent\": [Function]\n    \"onclose\": [null]\n    \"onerror\": [null]\n    \"onmessage\": [null]\n    \"onopen\": [null]\n    \"removeEventListener\": [Function]\n  }\n  \"type\": \"error\"\n} was thrown, throw an Error :)\n    at processTicksAndRejections (node:internal/process/task_queues:93:5)",
            "diff": null
          },
          "uuid": "b2e6905c-e4c6-43b5-bac0-0a3077c70441",
          "parentUUID": "60720f68-c599-4517-bbe5-4c355843c456",
          "isHook": true,
          "skipped": false
        },
        {
          "title": "\"before all\" hook",
          "fullTitle": "\"before all\" hook",
          "timedOut": false,
          "duration": 0,
          "state": null,
          "speed": null,
          "pass": false,
          "fail": false,
          "pending": false,
          "context": null,
          "code": "await substrate_api_1.default(async () => {\n    Alice = privateKey_1.default('//Alice');\n    Bob = privateKey_1.default('//Bob');\n    Ferdie = privateKey_1.default('//Ferdie');\n    Charlie = privateKey_1.default('//Charlie');\n    Eve = privateKey_1.default('//Eve');\n    Dave = privateKey_1.default('//Dave');\n});",
          "err": {},
          "uuid": "b9b32b58-7e22-4714-b108-5c9eda9fe598",
          "parentUUID": "60720f68-c599-4517-bbe5-4c355843c456",
          "isHook": true,
          "skipped": false
        },
        {
          "title": "\"before all\" hook",
          "fullTitle": "\"before all\" hook",
          "timedOut": false,
          "duration": 0,
          "state": null,
          "speed": null,
          "pass": false,
          "fail": false,
          "pending": false,
          "context": null,
          "code": "await substrate_api_1.default(async () => {\n    Alice = privateKey_1.default('//Alice');\n    Bob = privateKey_1.default('//Bob');\n});",
          "err": {},
          "uuid": "45d28530-d27d-4d82-9838-6541e2460bd6",
          "parentUUID": "60720f68-c599-4517-bbe5-4c355843c456",
          "isHook": true,
          "skipped": false
        },
        {
          "title": "\"before all\" hook",
          "fullTitle": "\"before all\" hook",
          "timedOut": false,
          "duration": 0,
          "state": null,
          "speed": null,
          "pass": false,
          "fail": false,
          "pending": false,
          "context": null,
          "code": "await substrate_api_1.default(async () => {\n    Alice = privateKey_1.default('//Alice');\n    Bob = privateKey_1.default('//Bob');\n    Ferdie = privateKey_1.default('//Ferdie');\n});",
          "err": {},
          "uuid": "cb1fabc7-5c76-4e92-be50-fcfe5b7a6e64",
          "parentUUID": "60720f68-c599-4517-bbe5-4c355843c456",
          "isHook": true,
          "skipped": false
        },
        {
          "title": "\"before all\" hook",
          "fullTitle": "\"before all\" hook",
          "timedOut": false,
          "duration": 0,
          "state": null,
          "speed": null,
          "pass": false,
          "fail": false,
          "pending": false,
          "context": null,
          "code": "await substrate_api_1.default(async () => {\n    Alice = privateKey_1.default('//Alice');\n    Bob = privateKey_1.default('//Bob');\n});",
          "err": {},
          "uuid": "3beb3f40-7ee3-4eae-985d-723c8158894d",
          "parentUUID": "60720f68-c599-4517-bbe5-4c355843c456",
          "isHook": true,
          "skipped": false
        },
        {
          "title": "\"before all\" hook",
          "fullTitle": "\"before all\" hook",
          "timedOut": false,
          "duration": 0,
          "state": null,
          "speed": null,
          "pass": false,
          "fail": false,
          "pending": false,
          "context": null,
          "code": "await substrate_api_1.default(async () => {\n    Alice = privateKey_1.default('//Alice');\n    Bob = privateKey_1.default('//Bob');\n    Ferdie = privateKey_1.default('//Ferdie');\n});",
          "err": {},
          "uuid": "d6d32986-311a-42b1-afac-ae35b5465fad",
          "parentUUID": "60720f68-c599-4517-bbe5-4c355843c456",
          "isHook": true,
          "skipped": false
        },
        {
          "title": "\"before all\" hook",
          "fullTitle": "\"before all\" hook",
          "timedOut": false,
          "duration": 0,
          "state": null,
          "speed": null,
          "pass": false,
          "fail": false,
          "pending": false,
          "context": null,
          "code": "await substrate_api_1.default(async () => {\n    Alice = privateKey_1.default('//Alice');\n    Bob = privateKey_1.default('//Bob');\n    Ferdie = privateKey_1.default('//Ferdie');\n});",
          "err": {},
          "uuid": "4d02f57a-8afc-4038-9dc1-6181713627f7",
          "parentUUID": "60720f68-c599-4517-bbe5-4c355843c456",
          "isHook": true,
          "skipped": false
        },
        {
          "title": "\"before all\" hook",
          "fullTitle": "\"before all\" hook",
          "timedOut": false,
          "duration": 0,
          "state": null,
          "speed": null,
          "pass": false,
          "fail": false,
          "pending": false,
          "context": null,
          "code": "await substrate_api_1.default(async () => {\n    Alice = privateKey_1.default('//Alice');\n    Bob = privateKey_1.default('//Bob');\n});",
          "err": {},
          "uuid": "9414213c-23c1-420c-8b83-4e740c4cdd51",
          "parentUUID": "60720f68-c599-4517-bbe5-4c355843c456",
          "isHook": true,
          "skipped": false
        },
        {
          "title": "\"before all\" hook",
          "fullTitle": "\"before all\" hook",
          "timedOut": false,
          "duration": 0,
          "state": null,
          "speed": null,
          "pass": false,
          "fail": false,
          "pending": false,
          "context": null,
          "code": "await substrate_api_1.default(async () => {\n    Alice = privateKey_1.default('//Alice');\n    Bob = privateKey_1.default('//Bob');\n    Ferdie = privateKey_1.default('//Ferdie');\n});",
          "err": {},
          "uuid": "7e618a73-068f-4b94-882b-149c20ddd16d",
          "parentUUID": "60720f68-c599-4517-bbe5-4c355843c456",
          "isHook": true,
          "skipped": false
        },
        {
          "title": "\"before all\" hook",
          "fullTitle": "\"before all\" hook",
          "timedOut": false,
          "duration": 0,
          "state": null,
          "speed": null,
          "pass": false,
          "fail": false,
          "pending": false,
          "context": null,
          "code": "await substrate_api_1.default(async () => {\n    Alice = privateKey_1.default('//Alice');\n    Ferdie = privateKey_1.default('//Ferdie');\n});",
          "err": {},
          "uuid": "32e886fe-0986-4853-865d-a17bf7becede",
          "parentUUID": "60720f68-c599-4517-bbe5-4c355843c456",
          "isHook": true,
          "skipped": false
        },
        {
          "title": "\"before all\" hook",
          "fullTitle": "\"before all\" hook",
          "timedOut": false,
          "duration": 0,
          "state": null,
          "speed": null,
          "pass": false,
          "fail": false,
          "pending": false,
          "context": null,
          "code": "await substrate_api_1.default(async () => {\n    const keyring = new api_1.Keyring({ type: 'sr25519' });\n    Alice = keyring.addFromUri('//Alice');\n    Bob = keyring.addFromUri('//Bob');\n    Shema = '0x31';\n    largeShema = new Array(4097).fill(0xff);\n});",
          "err": {},
          "uuid": "3f8d4bc9-df4d-4a56-ab5d-00eb990f88c8",
          "parentUUID": "60720f68-c599-4517-bbe5-4c355843c456",
          "isHook": true,
          "skipped": false
        },
        {
          "title": "\"before all\" hook",
          "fullTitle": "\"before all\" hook",
          "timedOut": false,
          "duration": 0,
          "state": null,
          "speed": null,
          "pass": false,
          "fail": false,
          "pending": false,
          "context": null,
          "code": "await substrate_api_1.default(async () => {\n    const keyring = new api_1.Keyring({ type: 'sr25519' });\n    Alice = keyring.addFromUri('//Alice');\n    Bob = keyring.addFromUri('//Bob');\n    Schema = '0x31';\n    largeSchema = new Array(4097).fill(0xff);\n});",
          "err": {},
          "uuid": "bda5978b-aea2-4c9d-8db9-010d66209065",
          "parentUUID": "60720f68-c599-4517-bbe5-4c355843c456",
          "isHook": true,
          "skipped": false
        }
      ],
      "afterHooks": [],
      "tests": [],
      "suites": [
        {
          "uuid": "883d1f24-daf5-4795-b324-5ac4e4aba2fd",
          "title": "Integration Test addCollectionAdmin(collection_id, new_admin_id):",
          "fullFile": "/nft_parachain/tests/src/addCollectionAdmin.test.ts",
          "file": "/src/addCollectionAdmin.test.ts",
          "beforeHooks": [],
          "afterHooks": [],
          "tests": [
            {
              "title": "Add collection admin.",
              "fullTitle": "Integration Test addCollectionAdmin(collection_id, new_admin_id): Add collection admin.",
              "timedOut": false,
              "duration": 0,
              "state": null,
              "speed": null,
              "pass": false,
              "fail": false,
              "pending": false,
              "context": null,
              "code": "await substrate_api_1.default(async (api) => {\n    const collectionId = await helpers_1.createCollectionExpectSuccess();\n    const alice = privateKey_1.default('//Alice');\n    const bob = privateKey_1.default('//Bob');\n    const collection = (await api.query.nft.collectionById(collectionId)).toJSON();\n    expect(collection.Owner).to.be.equal(alice.address);\n    const changeAdminTx = api.tx.nft.addCollectionAdmin(collectionId, helpers_1.normalizeAccountId(bob.address));\n    await substrate_api_1.submitTransactionAsync(alice, changeAdminTx);\n    const adminListAfterAddAdmin = (await api.query.nft.adminList(collectionId));\n    expect(adminListAfterAddAdmin).to.be.contains(helpers_1.normalizeAccountId(bob.address));\n});",
              "err": {},
              "uuid": "ae13d452-a347-4d9d-bd67-fb8f39016e9a",
              "parentUUID": null,
              "isHook": false,
              "skipped": true
            },
            {
              "title": "Add admin using added collection admin.",
              "fullTitle": "Integration Test addCollectionAdmin(collection_id, new_admin_id): Add admin using added collection admin.",
              "timedOut": false,
              "duration": 0,
              "state": null,
              "speed": null,
              "pass": false,
              "fail": false,
              "pending": false,
              "context": null,
              "code": "await substrate_api_1.default(async (api) => {\n    const collectionId = await helpers_1.createCollectionExpectSuccess();\n    const Alice = privateKey_1.default('//Alice');\n    const Bob = privateKey_1.default('//Bob');\n    const Charlie = privateKey_1.default('//CHARLIE');\n    const collection = (await api.query.nft.collectionById(collectionId)).toJSON();\n    expect(collection.Owner).to.be.equal(Alice.address);\n    const changeAdminTx = api.tx.nft.addCollectionAdmin(collectionId, helpers_1.normalizeAccountId(Bob.address));\n    await substrate_api_1.submitTransactionAsync(Alice, changeAdminTx);\n    const adminListAfterAddAdmin = (await api.query.nft.adminList(collectionId));\n    expect(adminListAfterAddAdmin).to.be.contains(helpers_1.normalizeAccountId(Bob.address));\n    const changeAdminTxCharlie = api.tx.nft.addCollectionAdmin(collectionId, helpers_1.normalizeAccountId(Charlie.address));\n    await substrate_api_1.submitTransactionAsync(Bob, changeAdminTxCharlie);\n    const adminListAfterAddNewAdmin = (await api.query.nft.adminList(collectionId));\n    expect(adminListAfterAddNewAdmin).to.be.contains(helpers_1.normalizeAccountId(Bob.address));\n    expect(adminListAfterAddNewAdmin).to.be.contains(helpers_1.normalizeAccountId(Charlie.address));\n});",
              "err": {},
              "uuid": "7bd5e167-dcc1-4b2a-b891-ce5813a9fb40",
              "parentUUID": null,
              "isHook": false,
              "skipped": true
            }
          ],
          "suites": [],
          "passes": [],
          "failures": [],
          "pending": [],
          "skipped": [
            "ae13d452-a347-4d9d-bd67-fb8f39016e9a",
            "7bd5e167-dcc1-4b2a-b891-ce5813a9fb40"
          ],
          "duration": 0,
          "root": false,
          "rootEmpty": false,
          "_timeout": 9999999
        },
        {
          "uuid": "5f947ba1-65c6-442f-b9f3-13186b004d6a",
          "title": "Negative Integration Test addCollectionAdmin(collection_id, new_admin_id):",
          "fullFile": "/nft_parachain/tests/src/addCollectionAdmin.test.ts",
          "file": "/src/addCollectionAdmin.test.ts",
          "beforeHooks": [],
          "afterHooks": [],
          "tests": [
            {
              "title": "Not owner can't add collection admin.",
              "fullTitle": "Negative Integration Test addCollectionAdmin(collection_id, new_admin_id): Not owner can't add collection admin.",
              "timedOut": false,
              "duration": 0,
              "state": null,
              "speed": null,
              "pass": false,
              "fail": false,
              "pending": false,
              "context": null,
              "code": "await substrate_api_1.default(async (api) => {\n    const collectionId = await helpers_1.createCollectionExpectSuccess();\n    const alice = privateKey_1.default('//Alice');\n    const nonOwner = privateKey_1.default('//Bob_stash');\n    const changeAdminTx = api.tx.nft.addCollectionAdmin(collectionId, helpers_1.normalizeAccountId(alice.address));\n    await expect(substrate_api_1.submitTransactionExpectFailAsync(nonOwner, changeAdminTx)).to.be.rejected;\n    const adminListAfterAddAdmin = (await api.query.nft.adminList(collectionId));\n    expect(adminListAfterAddAdmin).not.to.be.contains(helpers_1.normalizeAccountId(alice.address));\n    // Verifying that nothing bad happened (network is live, new collections can be created, etc.)\n    await helpers_1.createCollectionExpectSuccess();\n});",
              "err": {},
              "uuid": "ccd1505b-6b0b-4472-8d2c-d3a67b729421",
              "parentUUID": null,
              "isHook": false,
              "skipped": true
            },
            {
              "title": "Can't add collection admin of not existing collection.",
              "fullTitle": "Negative Integration Test addCollectionAdmin(collection_id, new_admin_id): Can't add collection admin of not existing collection.",
              "timedOut": false,
              "duration": 0,
              "state": null,
              "speed": null,
              "pass": false,
              "fail": false,
              "pending": false,
              "context": null,
              "code": "await substrate_api_1.default(async (api) => {\n    // tslint:disable-next-line: no-bitwise\n    const collectionId = (1 << 32) - 1;\n    const alice = privateKey_1.default('//Alice');\n    const bob = privateKey_1.default('//Bob');\n    const changeOwnerTx = api.tx.nft.addCollectionAdmin(collectionId, helpers_1.normalizeAccountId(bob.address));\n    await expect(substrate_api_1.submitTransactionExpectFailAsync(alice, changeOwnerTx)).to.be.rejected;\n    // Verifying that nothing bad happened (network is live, new collections can be created, etc.)\n    await helpers_1.createCollectionExpectSuccess();\n});",
              "err": {},
              "uuid": "0e3a766b-610e-479f-821f-6ec97d977002",
              "parentUUID": null,
              "isHook": false,
              "skipped": true
            },
            {
              "title": "Can't add an admin to a destroyed collection.",
              "fullTitle": "Negative Integration Test addCollectionAdmin(collection_id, new_admin_id): Can't add an admin to a destroyed collection.",
              "timedOut": false,
              "duration": 0,
              "state": null,
              "speed": null,
              "pass": false,
              "fail": false,
              "pending": false,
              "context": null,
              "code": "await substrate_api_1.default(async (api) => {\n    const collectionId = await helpers_1.createCollectionExpectSuccess();\n    const Alice = privateKey_1.default('//Alice');\n    const Bob = privateKey_1.default('//Bob');\n    await helpers_1.destroyCollectionExpectSuccess(collectionId);\n    const changeOwnerTx = api.tx.nft.addCollectionAdmin(collectionId, helpers_1.normalizeAccountId(Bob.address));\n    await expect(substrate_api_1.submitTransactionExpectFailAsync(Alice, changeOwnerTx)).to.be.rejected;\n    // Verifying that nothing bad happened (network is live, new collections can be created, etc.)\n    await helpers_1.createCollectionExpectSuccess();\n});",
              "err": {},
              "uuid": "fe525657-ebd6-47b9-8970-3dafaff61f5f",
              "parentUUID": null,
              "isHook": false,
              "skipped": true
            },
            {
              "title": "Add an admin to a collection that has reached the maximum number of admins limit",
              "fullTitle": "Negative Integration Test addCollectionAdmin(collection_id, new_admin_id): Add an admin to a collection that has reached the maximum number of admins limit",
              "timedOut": false,
              "duration": 0,
              "state": null,
              "speed": null,
              "pass": false,
              "fail": false,
              "pending": false,
              "context": null,
              "code": "await substrate_api_1.default(async (api) => {\n    const Alice = privateKey_1.default('//Alice');\n    const accounts = [\n        'GsvVmjr1CBHwQHw84pPHMDxgNY3iBLz6Qn7qS3CH8qPhrHz',\n        'FoQJpPyadYccjavVdTWxpxU7rUEaYhfLCPwXgkfD6Zat9QP',\n        'JKspFU6ohf1Grg3Phdzj2pSgWvsYWzSfKghhfzMbdhNBWs5',\n        'Fr4NzY1udSFFLzb2R3qxVQkwz9cZraWkyfH4h3mVVk7BK7P',\n        'DfnTB4z7eUvYRqcGtTpFsLC69o6tvBSC1pEv8vWPZFtCkaK',\n        'HnMAUz7r2G8G3hB27SYNyit5aJmh2a5P4eMdDtACtMFDbam',\n        'DE14BzQ1bDXWPKeLoAqdLAm1GpyAWaWF1knF74cEZeomTBM',\n    ];\n    const collectionId = await helpers_1.createCollectionExpectSuccess();\n    const chainAdminLimit = api.consts.nft.collectionAdminsLimit.toNumber();\n    expect(chainAdminLimit).to.be.equal(5);\n    for (let i = 0; i < chainAdminLimit; i++) {\n        const changeAdminTx = api.tx.nft.addCollectionAdmin(collectionId, helpers_1.normalizeAccountId(accounts[i]));\n        await substrate_api_1.submitTransactionAsync(Alice, changeAdminTx);\n        const adminListAfterAddAdmin = (await api.query.nft.adminList(collectionId));\n        expect(adminListAfterAddAdmin).to.be.contains(helpers_1.normalizeAccountId(accounts[i]));\n    }\n    const tx = api.tx.nft.addCollectionAdmin(collectionId, helpers_1.normalizeAccountId(accounts[chainAdminLimit]));\n    await expect(substrate_api_1.submitTransactionExpectFailAsync(Alice, tx)).to.be.rejected;\n});",
              "err": {},
              "uuid": "de058063-f5ef-43e7-9504-464decfd04e5",
              "parentUUID": null,
              "isHook": false,
              "skipped": true
            }
          ],
          "suites": [],
          "passes": [],
          "failures": [],
          "pending": [],
          "skipped": [
            "ccd1505b-6b0b-4472-8d2c-d3a67b729421",
            "0e3a766b-610e-479f-821f-6ec97d977002",
            "fe525657-ebd6-47b9-8970-3dafaff61f5f",
            "de058063-f5ef-43e7-9504-464decfd04e5"
          ],
          "duration": 0,
          "root": false,
          "rootEmpty": false,
          "_timeout": 9999999
        },
        {
          "uuid": "db675fb6-e2f8-42d5-b6bf-4bc5fd860e90",
          "title": "Integration Test addToContractWhiteList",
          "fullFile": "/nft_parachain/tests/src/addToContractWhiteList.test.ts",
          "file": "/src/addToContractWhiteList.test.ts",
          "beforeHooks": [],
          "afterHooks": [],
          "tests": [
            {
              "title": "Add an address to a contract white list",
              "fullTitle": "Integration Test addToContractWhiteList Add an address to a contract white list",
              "timedOut": false,
              "duration": 0,
              "state": null,
              "speed": null,
              "pass": false,
              "fail": false,
              "pending": true,
              "context": null,
              "code": "",
              "err": {},
              "uuid": "4d4e712f-9ce7-4906-9c7c-ac319a2e9da2",
              "parentUUID": null,
              "isHook": false,
              "skipped": false
            },
            {
              "title": "Adding same address to white list repeatedly should not produce errors",
              "fullTitle": "Integration Test addToContractWhiteList Adding same address to white list repeatedly should not produce errors",
              "timedOut": false,
              "duration": 0,
              "state": null,
              "speed": null,
              "pass": false,
              "fail": false,
              "pending": true,
              "context": null,
              "code": "",
              "err": {},
              "uuid": "22a2ad72-4361-493b-bc69-6b5974a42d50",
              "parentUUID": null,
              "isHook": false,
              "skipped": false
            }
          ],
          "suites": [],
          "passes": [],
          "failures": [],
          "pending": [
            "4d4e712f-9ce7-4906-9c7c-ac319a2e9da2",
            "22a2ad72-4361-493b-bc69-6b5974a42d50"
          ],
          "skipped": [],
          "duration": 0,
          "root": false,
          "rootEmpty": false,
          "_timeout": 9999999
        },
        {
          "uuid": "39f3396c-6bc9-4278-bb66-137f036c1025",
          "title": "Negative Integration Test addToContractWhiteList",
          "fullFile": "/nft_parachain/tests/src/addToContractWhiteList.test.ts",
          "file": "/src/addToContractWhiteList.test.ts",
          "beforeHooks": [],
          "afterHooks": [],
          "tests": [
            {
              "title": "Add an address to a white list of a non-contract",
              "fullTitle": "Negative Integration Test addToContractWhiteList Add an address to a white list of a non-contract",
              "timedOut": false,
              "duration": 0,
              "state": null,
              "speed": null,
              "pass": false,
              "fail": false,
              "pending": true,
              "context": null,
              "code": "",
              "err": {},
              "uuid": "11afd47c-355c-4dc3-91b7-49d462da2ee9",
              "parentUUID": null,
              "isHook": false,
              "skipped": false
            },
            {
              "title": "Add to a contract white list using a non-owner address",
              "fullTitle": "Negative Integration Test addToContractWhiteList Add to a contract white list using a non-owner address",
              "timedOut": false,
              "duration": 0,
              "state": null,
              "speed": null,
              "pass": false,
              "fail": false,
              "pending": true,
              "context": null,
              "code": "",
              "err": {},
              "uuid": "dc54f6a6-b79c-49c7-90cb-994667d80759",
              "parentUUID": null,
              "isHook": false,
              "skipped": false
            }
          ],
          "suites": [],
          "passes": [],
          "failures": [],
          "pending": [
            "11afd47c-355c-4dc3-91b7-49d462da2ee9",
            "dc54f6a6-b79c-49c7-90cb-994667d80759"
          ],
          "skipped": [],
          "duration": 0,
          "root": false,
          "rootEmpty": false,
          "_timeout": 9999999
        },
        {
          "uuid": "8e0432c7-b6de-4e10-a6d7-78f4ec63c23b",
          "title": "Integration Test ext. addToWhiteList()",
          "fullFile": "/nft_parachain/tests/src/addToWhiteList.test.ts",
          "file": "/src/addToWhiteList.test.ts",
          "beforeHooks": [
            {
              "title": "\"before all\" hook",
              "fullTitle": "Integration Test ext. addToWhiteList() \"before all\" hook",
              "timedOut": false,
              "duration": 0,
              "state": null,
              "speed": null,
              "pass": false,
              "fail": false,
              "pending": false,
              "context": null,
              "code": "await substrate_api_1.default(async () => {\n    Alice = privateKey_1.default('//Alice');\n    Bob = privateKey_1.default('//Bob');\n});",
              "err": {},
              "uuid": "504f61a5-c065-474c-bfd9-50bb5e0e64ce",
              "parentUUID": null,
              "isHook": true,
              "skipped": false
            }
          ],
          "afterHooks": [],
          "tests": [
            {
              "title": "Execute the extrinsic with parameters: Collection ID and address to add to the white list",
              "fullTitle": "Integration Test ext. addToWhiteList() Execute the extrinsic with parameters: Collection ID and address to add to the white list",
              "timedOut": false,
              "duration": 0,
              "state": null,
              "speed": null,
              "pass": false,
              "fail": false,
              "pending": false,
              "context": null,
              "code": "const collectionId = await helpers_1.createCollectionExpectSuccess();\nawait helpers_1.addToWhiteListExpectSuccess(Alice, collectionId, Bob.address);",
              "err": {},
              "uuid": "f4af86bd-2445-483b-84af-9dd6d4e89caf",
              "parentUUID": null,
              "isHook": false,
              "skipped": true
            },
            {
              "title": "Whitelisted minting: list restrictions",
              "fullTitle": "Integration Test ext. addToWhiteList() Whitelisted minting: list restrictions",
              "timedOut": false,
              "duration": 0,
              "state": null,
              "speed": null,
              "pass": false,
              "fail": false,
              "pending": false,
              "context": null,
              "code": "const collectionId = await helpers_1.createCollectionExpectSuccess();\nawait helpers_1.addToWhiteListExpectSuccess(Alice, collectionId, Bob.address);\nawait helpers_1.enableWhiteListExpectSuccess(Alice, collectionId);\nawait helpers_1.enablePublicMintingExpectSuccess(Alice, collectionId);\nawait helpers_1.createItemExpectSuccess(Bob, collectionId, 'NFT', Bob.address);",
              "err": {},
              "uuid": "076d5bc5-61a5-49b3-8a8b-85d92ab5ea95",
              "parentUUID": null,
              "isHook": false,
              "skipped": true
            }
          ],
          "suites": [],
          "passes": [],
          "failures": [],
          "pending": [],
          "skipped": [
            "f4af86bd-2445-483b-84af-9dd6d4e89caf",
            "076d5bc5-61a5-49b3-8a8b-85d92ab5ea95"
          ],
          "duration": 0,
          "root": false,
          "rootEmpty": false,
          "_timeout": 9999999
        },
        {
          "uuid": "54048e5b-61d8-4202-957f-c39bf6ecf002",
          "title": "Negative Integration Test ext. addToWhiteList()",
          "fullFile": "/nft_parachain/tests/src/addToWhiteList.test.ts",
          "file": "/src/addToWhiteList.test.ts",
          "beforeHooks": [],
          "afterHooks": [],
          "tests": [
            {
              "title": "White list an address in the collection that does not exist",
              "fullTitle": "Negative Integration Test ext. addToWhiteList() White list an address in the collection that does not exist",
              "timedOut": false,
              "duration": 0,
              "state": null,
              "speed": null,
              "pass": false,
              "fail": false,
              "pending": false,
              "context": null,
              "code": "await substrate_api_1.default(async (api) => {\n    // tslint:disable-next-line: no-bitwise\n    const collectionId = parseInt((await api.query.nft.createdCollectionCount()).toString()) + 1;\n    const Bob = privateKey_1.default('//Bob');\n    const tx = api.tx.nft.addToWhiteList(collectionId, helpers_1.normalizeAccountId(Bob.address));\n    await expect(substrate_api_1.submitTransactionExpectFailAsync(Alice, tx)).to.be.rejected;\n});",
              "err": {},
              "uuid": "89dfc83d-b8ec-48ae-a23d-c254f74c457f",
              "parentUUID": null,
              "isHook": false,
              "skipped": true
            },
            {
              "title": "White list an address in the collection that was destroyed",
              "fullTitle": "Negative Integration Test ext. addToWhiteList() White list an address in the collection that was destroyed",
              "timedOut": false,
              "duration": 0,
              "state": null,
              "speed": null,
              "pass": false,
              "fail": false,
              "pending": false,
              "context": null,
              "code": "await substrate_api_1.default(async (api) => {\n    const Alice = privateKey_1.default('//Alice');\n    const Bob = privateKey_1.default('//Bob');\n    // tslint:disable-next-line: no-bitwise\n    const collectionId = await helpers_1.createCollectionExpectSuccess();\n    await helpers_1.destroyCollectionExpectSuccess(collectionId);\n    const tx = api.tx.nft.addToWhiteList(collectionId, helpers_1.normalizeAccountId(Bob.address));\n    await expect(substrate_api_1.submitTransactionExpectFailAsync(Alice, tx)).to.be.rejected;\n});",
              "err": {},
              "uuid": "5cc79a66-b069-4e44-b20e-e8463e79d03b",
              "parentUUID": null,
              "isHook": false,
              "skipped": true
            },
            {
              "title": "White list an address in the collection that does not have white list access enabled",
              "fullTitle": "Negative Integration Test ext. addToWhiteList() White list an address in the collection that does not have white list access enabled",
              "timedOut": false,
              "duration": 0,
              "state": null,
              "speed": null,
              "pass": false,
              "fail": false,
              "pending": false,
              "context": null,
              "code": "await substrate_api_1.default(async (api) => {\n    const Alice = privateKey_1.default('//Alice');\n    const Ferdie = privateKey_1.default('//Ferdie');\n    const collectionId = await helpers_1.createCollectionExpectSuccess();\n    await helpers_1.enableWhiteListExpectSuccess(Alice, collectionId);\n    await helpers_1.enablePublicMintingExpectSuccess(Alice, collectionId);\n    const tx = api.tx.nft.createItem(collectionId, helpers_1.normalizeAccountId(Ferdie.address), 'NFT');\n    await expect(substrate_api_1.submitTransactionExpectFailAsync(Ferdie, tx)).to.be.rejected;\n});",
              "err": {},
              "uuid": "a2acbcac-3464-4de4-a649-bd39ab868fcf",
              "parentUUID": null,
              "isHook": false,
              "skipped": true
            }
          ],
          "suites": [],
          "passes": [],
          "failures": [],
          "pending": [],
          "skipped": [
            "89dfc83d-b8ec-48ae-a23d-c254f74c457f",
            "5cc79a66-b069-4e44-b20e-e8463e79d03b",
            "a2acbcac-3464-4de4-a649-bd39ab868fcf"
          ],
          "duration": 0,
          "root": false,
          "rootEmpty": false,
          "_timeout": 9999999
        },
        {
          "uuid": "17759d9b-3a02-47ec-aa3b-7538324dfde4",
          "title": "Integration Test ext. addToWhiteList() with collection admin permissions:",
          "fullFile": "/nft_parachain/tests/src/addToWhiteList.test.ts",
          "file": "/src/addToWhiteList.test.ts",
          "beforeHooks": [
            {
              "title": "\"before all\" hook",
              "fullTitle": "Integration Test ext. addToWhiteList() with collection admin permissions: \"before all\" hook",
              "timedOut": false,
              "duration": 0,
              "state": null,
              "speed": null,
              "pass": false,
              "fail": false,
              "pending": false,
              "context": null,
              "code": "await substrate_api_1.default(async () => {\n    Alice = privateKey_1.default('//Alice');\n    Bob = privateKey_1.default('//Bob');\n    Charlie = privateKey_1.default('//Charlie');\n});",
              "err": {},
              "uuid": "39f215f2-a4da-40c8-a0cf-8f493363df97",
              "parentUUID": null,
              "isHook": true,
              "skipped": false
            }
          ],
          "afterHooks": [],
          "tests": [
            {
              "title": "Negative. Add to the white list by regular user",
              "fullTitle": "Integration Test ext. addToWhiteList() with collection admin permissions: Negative. Add to the white list by regular user",
              "timedOut": false,
              "duration": 0,
              "state": null,
              "speed": null,
              "pass": false,
              "fail": false,
              "pending": false,
              "context": null,
              "code": "const collectionId = await helpers_1.createCollectionExpectSuccess();\nawait helpers_1.addToWhiteListExpectFail(Bob, collectionId, Charlie.address);",
              "err": {},
              "uuid": "0fd4da7d-13aa-4c8a-abb3-a62baf1eea08",
              "parentUUID": null,
              "isHook": false,
              "skipped": true
            },
            {
              "title": "Execute the extrinsic with parameters: Collection ID and address to add to the white list",
              "fullTitle": "Integration Test ext. addToWhiteList() with collection admin permissions: Execute the extrinsic with parameters: Collection ID and address to add to the white list",
              "timedOut": false,
              "duration": 0,
              "state": null,
              "speed": null,
              "pass": false,
              "fail": false,
              "pending": false,
              "context": null,
              "code": "const collectionId = await helpers_1.createCollectionExpectSuccess();\nawait helpers_1.addCollectionAdminExpectSuccess(Alice, collectionId, Bob);\nawait helpers_1.addToWhiteListExpectSuccess(Bob, collectionId, Charlie.address);",
              "err": {},
              "uuid": "64da9424-a2a1-4e24-bb62-9ec2a35b4620",
              "parentUUID": null,
              "isHook": false,
              "skipped": true
            },
            {
              "title": "Whitelisted minting: list restrictions",
              "fullTitle": "Integration Test ext. addToWhiteList() with collection admin permissions: Whitelisted minting: list restrictions",
              "timedOut": false,
              "duration": 0,
              "state": null,
              "speed": null,
              "pass": false,
              "fail": false,
              "pending": false,
              "context": null,
              "code": "const collectionId = await helpers_1.createCollectionExpectSuccess();\nawait helpers_1.addCollectionAdminExpectSuccess(Alice, collectionId, Bob);\nawait helpers_1.addToWhiteListExpectSuccess(Bob, collectionId, Charlie.address);\n// allowed only for collection owner\nawait helpers_1.enableWhiteListExpectSuccess(Alice, collectionId);\nawait helpers_1.enablePublicMintingExpectSuccess(Alice, collectionId);\nawait helpers_1.createItemExpectSuccess(Charlie, collectionId, 'NFT', Charlie.address);",
              "err": {},
              "uuid": "f5983173-28be-48b5-833e-f0092fca2815",
              "parentUUID": null,
              "isHook": false,
              "skipped": true
            }
          ],
          "suites": [],
          "passes": [],
          "failures": [],
          "pending": [],
          "skipped": [
            "0fd4da7d-13aa-4c8a-abb3-a62baf1eea08",
            "64da9424-a2a1-4e24-bb62-9ec2a35b4620",
            "f5983173-28be-48b5-833e-f0092fca2815"
          ],
          "duration": 0,
          "root": false,
          "rootEmpty": false,
          "_timeout": 9999999
        },
        {
          "uuid": "7ff1c1ae-0522-4644-82a6-b8c8f61aac78",
          "title": "Integration Test approve(spender, collection_id, item_id, amount):",
          "fullFile": "/nft_parachain/tests/src/approve.test.ts",
          "file": "/src/approve.test.ts",
          "beforeHooks": [
            {
              "title": "\"before all\" hook",
              "fullTitle": "Integration Test approve(spender, collection_id, item_id, amount): \"before all\" hook",
              "timedOut": false,
              "duration": 0,
              "state": null,
              "speed": null,
              "pass": false,
              "fail": false,
              "pending": false,
              "context": null,
              "code": "await substrate_api_1.default(async () => {\n    Alice = privateKey_1.default('//Alice');\n    Bob = privateKey_1.default('//Bob');\n    Charlie = privateKey_1.default('//Charlie');\n});",
              "err": {},
              "uuid": "8413cad1-b738-44b1-bc1e-894e8f250979",
              "parentUUID": null,
              "isHook": true,
              "skipped": false
            }
          ],
          "afterHooks": [],
          "tests": [
            {
              "title": "Execute the extrinsic and check approvedList",
              "fullTitle": "Integration Test approve(spender, collection_id, item_id, amount): Execute the extrinsic and check approvedList",
              "timedOut": false,
              "duration": 0,
              "state": null,
              "speed": null,
              "pass": false,
              "fail": false,
              "pending": false,
              "context": null,
              "code": "const nftCollectionId = await helpers_1.createCollectionExpectSuccess();\n// nft\nconst newNftTokenId = await helpers_1.createItemExpectSuccess(Alice, nftCollectionId, 'NFT');\nawait helpers_1.approveExpectSuccess(nftCollectionId, newNftTokenId, Alice, Bob);\n// fungible\nconst fungibleCollectionId = await helpers_1.createCollectionExpectSuccess({ mode: { type: 'Fungible', decimalPoints: 0 } });\nconst newFungibleTokenId = await helpers_1.createItemExpectSuccess(Alice, fungibleCollectionId, 'Fungible');\nawait helpers_1.approveExpectSuccess(fungibleCollectionId, newFungibleTokenId, Alice, Bob);\n// reFungible\nconst reFungibleCollectionId = await helpers_1.createCollectionExpectSuccess({ mode: { type: 'ReFungible' } });\nconst newReFungibleTokenId = await helpers_1.createItemExpectSuccess(Alice, reFungibleCollectionId, 'ReFungible');\nawait helpers_1.approveExpectSuccess(reFungibleCollectionId, newReFungibleTokenId, Alice, Bob);",
              "err": {},
              "uuid": "58f34661-b685-46a5-b2fb-d62adacb20b9",
              "parentUUID": null,
              "isHook": false,
              "skipped": true
            },
            {
              "title": "Remove approval by using 0 amount",
              "fullTitle": "Integration Test approve(spender, collection_id, item_id, amount): Remove approval by using 0 amount",
              "timedOut": false,
              "duration": 0,
              "state": null,
              "speed": null,
              "pass": false,
              "fail": false,
              "pending": false,
              "context": null,
              "code": "const nftCollectionId = await helpers_1.createCollectionExpectSuccess();\n// nft\nconst newNftTokenId = await helpers_1.createItemExpectSuccess(Alice, nftCollectionId, 'NFT');\nawait helpers_1.approveExpectSuccess(nftCollectionId, newNftTokenId, Alice, Bob, 1);\nawait helpers_1.approveExpectSuccess(nftCollectionId, newNftTokenId, Alice, Bob, 0);\n// fungible\nconst fungibleCollectionId = await helpers_1.createCollectionExpectSuccess({ mode: { type: 'Fungible', decimalPoints: 0 } });\nconst newFungibleTokenId = await helpers_1.createItemExpectSuccess(Alice, fungibleCollectionId, 'Fungible');\nawait helpers_1.approveExpectSuccess(fungibleCollectionId, newFungibleTokenId, Alice, Bob, 1);\nawait helpers_1.approveExpectSuccess(fungibleCollectionId, newFungibleTokenId, Alice, Bob, 0);\n// reFungible\nconst reFungibleCollectionId = await helpers_1.createCollectionExpectSuccess({ mode: { type: 'ReFungible' } });\nconst newReFungibleTokenId = await helpers_1.createItemExpectSuccess(Alice, reFungibleCollectionId, 'ReFungible');\nawait helpers_1.approveExpectSuccess(reFungibleCollectionId, newReFungibleTokenId, Alice, Bob, 1);\nawait helpers_1.approveExpectSuccess(reFungibleCollectionId, newReFungibleTokenId, Alice, Bob, 0);",
              "err": {},
              "uuid": "b4a52671-3927-444e-b297-1e87fb6a1e59",
              "parentUUID": null,
              "isHook": false,
              "skipped": true
            },
            {
              "title": "can be called by collection owner on non-owned item when OwnerCanTransfer == true",
              "fullTitle": "Integration Test approve(spender, collection_id, item_id, amount): can be called by collection owner on non-owned item when OwnerCanTransfer == true",
              "timedOut": false,
              "duration": 0,
              "state": null,
              "speed": null,
              "pass": false,
              "fail": false,
              "pending": false,
              "context": null,
              "code": "const collectionId = await helpers_1.createCollectionExpectSuccess();\nconst itemId = await helpers_1.createItemExpectSuccess(Alice, collectionId, 'NFT', Bob.address);\nawait helpers_1.approveExpectSuccess(collectionId, itemId, Alice, Charlie);",
              "err": {},
              "uuid": "07b9ce52-ffaa-44ed-af6e-a22d034ab1aa",
              "parentUUID": null,
              "isHook": false,
              "skipped": true
            }
          ],
          "suites": [],
          "passes": [],
          "failures": [],
          "pending": [],
          "skipped": [
            "58f34661-b685-46a5-b2fb-d62adacb20b9",
            "b4a52671-3927-444e-b297-1e87fb6a1e59",
            "07b9ce52-ffaa-44ed-af6e-a22d034ab1aa"
          ],
          "duration": 0,
          "root": false,
          "rootEmpty": false,
          "_timeout": 9999999
        },
        {
          "uuid": "bbd0d378-525f-4ca7-b117-9811069d2768",
          "title": "Negative Integration Test approve(spender, collection_id, item_id, amount):",
          "fullFile": "/nft_parachain/tests/src/approve.test.ts",
          "file": "/src/approve.test.ts",
          "beforeHooks": [
            {
              "title": "\"before all\" hook",
              "fullTitle": "Negative Integration Test approve(spender, collection_id, item_id, amount): \"before all\" hook",
              "timedOut": false,
              "duration": 0,
              "state": null,
              "speed": null,
              "pass": false,
              "fail": false,
              "pending": false,
              "context": null,
              "code": "await substrate_api_1.default(async () => {\n    Alice = privateKey_1.default('//Alice');\n    Bob = privateKey_1.default('//Bob');\n    Charlie = privateKey_1.default('//Charlie');\n});",
              "err": {},
              "uuid": "0e01d3cf-8db0-42a5-af2e-afea877962a8",
              "parentUUID": null,
              "isHook": true,
              "skipped": false
            }
          ],
          "afterHooks": [],
          "tests": [
            {
              "title": "Approve for a collection that does not exist",
              "fullTitle": "Negative Integration Test approve(spender, collection_id, item_id, amount): Approve for a collection that does not exist",
              "timedOut": false,
              "duration": 0,
              "state": null,
              "speed": null,
              "pass": false,
              "fail": false,
              "pending": false,
              "context": null,
              "code": "await substrate_api_1.default(async (api) => {\n    // nft\n    const nftCollectionCount = await api.query.nft.createdCollectionCount();\n    await helpers_1.approveExpectFail(nftCollectionCount + 1, 1, Alice, Bob);\n    // fungible\n    const fungibleCollectionCount = await api.query.nft.createdCollectionCount();\n    await helpers_1.approveExpectFail(fungibleCollectionCount + 1, 1, Alice, Bob);\n    // reFungible\n    const reFungibleCollectionCount = await api.query.nft.createdCollectionCount();\n    await helpers_1.approveExpectFail(reFungibleCollectionCount + 1, 1, Alice, Bob);\n});",
              "err": {},
              "uuid": "57f2f5eb-c881-4963-8d9d-379b5cd553f0",
              "parentUUID": null,
              "isHook": false,
              "skipped": true
            },
            {
              "title": "Approve for a collection that was destroyed",
              "fullTitle": "Negative Integration Test approve(spender, collection_id, item_id, amount): Approve for a collection that was destroyed",
              "timedOut": false,
              "duration": 0,
              "state": null,
              "speed": null,
              "pass": false,
              "fail": false,
              "pending": false,
              "context": null,
              "code": "// nft\nconst nftCollectionId = await helpers_1.createCollectionExpectSuccess();\nawait helpers_1.destroyCollectionExpectSuccess(nftCollectionId);\nawait helpers_1.approveExpectFail(nftCollectionId, 1, Alice, Bob);\n// fungible\nconst fungibleCollectionId = await helpers_1.createCollectionExpectSuccess({ mode: { type: 'Fungible', decimalPoints: 0 } });\nawait helpers_1.destroyCollectionExpectSuccess(fungibleCollectionId);\nawait helpers_1.approveExpectFail(fungibleCollectionId, 1, Alice, Bob);\n// reFungible\nconst reFungibleCollectionId = await helpers_1.createCollectionExpectSuccess({ mode: { type: 'ReFungible' } });\nawait helpers_1.destroyCollectionExpectSuccess(reFungibleCollectionId);\nawait helpers_1.approveExpectFail(reFungibleCollectionId, 1, Alice, Bob);",
              "err": {},
              "uuid": "38827096-3e94-4bcc-be0c-3b7c3ba7d69d",
              "parentUUID": null,
              "isHook": false,
              "skipped": true
            },
            {
              "title": "Approve transfer of a token that does not exist",
              "fullTitle": "Negative Integration Test approve(spender, collection_id, item_id, amount): Approve transfer of a token that does not exist",
              "timedOut": false,
              "duration": 0,
              "state": null,
              "speed": null,
              "pass": false,
              "fail": false,
              "pending": false,
              "context": null,
              "code": "// nft\nconst nftCollectionId = await helpers_1.createCollectionExpectSuccess();\nawait helpers_1.approveExpectFail(nftCollectionId, 2, Alice, Bob);\n// reFungible\nconst reFungibleCollectionId = await helpers_1.createCollectionExpectSuccess({ mode: { type: 'ReFungible' } });\nawait helpers_1.approveExpectFail(reFungibleCollectionId, 2, Alice, Bob);",
              "err": {},
              "uuid": "ad56e131-a17c-41e6-b1e2-63802f3ed386",
              "parentUUID": null,
              "isHook": false,
              "skipped": true
            },
            {
              "title": "Approve using the address that does not own the approved token",
              "fullTitle": "Negative Integration Test approve(spender, collection_id, item_id, amount): Approve using the address that does not own the approved token",
              "timedOut": false,
              "duration": 0,
              "state": null,
              "speed": null,
              "pass": false,
              "fail": false,
              "pending": false,
              "context": null,
              "code": "const nftCollectionId = await helpers_1.createCollectionExpectSuccess();\n// nft\nconst newNftTokenId = await helpers_1.createItemExpectSuccess(Alice, nftCollectionId, 'NFT');\nawait helpers_1.approveExpectFail(nftCollectionId, newNftTokenId, Bob, Alice);\n// fungible\nconst fungibleCollectionId = await helpers_1.createCollectionExpectSuccess({ mode: { type: 'Fungible', decimalPoints: 0 } });\nconst newFungibleTokenId = await helpers_1.createItemExpectSuccess(Alice, fungibleCollectionId, 'Fungible');\nawait helpers_1.approveExpectFail(fungibleCollectionId, newFungibleTokenId, Bob, Alice);\n// reFungible\nconst reFungibleCollectionId = await helpers_1.createCollectionExpectSuccess({ mode: { type: 'ReFungible' } });\nconst newReFungibleTokenId = await helpers_1.createItemExpectSuccess(Alice, reFungibleCollectionId, 'ReFungible');\nawait helpers_1.approveExpectFail(reFungibleCollectionId, newReFungibleTokenId, Bob, Alice);",
              "err": {},
              "uuid": "b4820ad0-7f0e-4ec6-8aeb-e8ce85421337",
              "parentUUID": null,
              "isHook": false,
              "skipped": true
            },
            {
              "title": "should fail if approved more NFTs than owned",
              "fullTitle": "Negative Integration Test approve(spender, collection_id, item_id, amount): should fail if approved more NFTs than owned",
              "timedOut": false,
              "duration": 0,
              "state": null,
              "speed": null,
              "pass": false,
              "fail": false,
              "pending": false,
              "context": null,
              "code": "const nftCollectionId = await helpers_1.createCollectionExpectSuccess({ mode: { type: 'NFT' } });\nconst newNftTokenId = await helpers_1.createItemExpectSuccess(Alice, nftCollectionId, 'NFT');\nawait helpers_1.transferExpectSuccess(nftCollectionId, newNftTokenId, Alice, Bob, 1, 'NFT');\nawait helpers_1.approveExpectSuccess(nftCollectionId, newNftTokenId, Bob, Alice);\nawait helpers_1.approveExpectFail(nftCollectionId, newNftTokenId, Bob, Alice);",
              "err": {},
              "uuid": "8c124180-e9e6-400d-b8c2-c2c7d8fbb8fb",
              "parentUUID": null,
              "isHook": false,
              "skipped": true
            },
            {
              "title": "should fail if approved more ReFungibles than owned",
              "fullTitle": "Negative Integration Test approve(spender, collection_id, item_id, amount): should fail if approved more ReFungibles than owned",
              "timedOut": false,
              "duration": 0,
              "state": null,
              "speed": null,
              "pass": false,
              "fail": false,
              "pending": false,
              "context": null,
              "code": "const nftCollectionId = await helpers_1.createCollectionExpectSuccess({ mode: { type: 'ReFungible' } });\nconst newNftTokenId = await helpers_1.createItemExpectSuccess(Alice, nftCollectionId, 'ReFungible');\nawait helpers_1.transferExpectSuccess(nftCollectionId, newNftTokenId, Alice, Bob, 100, 'ReFungible');\nawait helpers_1.approveExpectSuccess(nftCollectionId, newNftTokenId, Bob, Alice, 100);\nawait helpers_1.approveExpectFail(nftCollectionId, newNftTokenId, Bob, Alice, 1);",
              "err": {},
              "uuid": "68f5b592-5b15-483b-93bf-2eaf69c9852c",
              "parentUUID": null,
              "isHook": false,
              "skipped": true
            },
            {
              "title": "should fail if approved more Fungibles than owned",
              "fullTitle": "Negative Integration Test approve(spender, collection_id, item_id, amount): should fail if approved more Fungibles than owned",
              "timedOut": false,
              "duration": 0,
              "state": null,
              "speed": null,
              "pass": false,
              "fail": false,
              "pending": false,
              "context": null,
              "code": "const nftCollectionId = await helpers_1.createCollectionExpectSuccess({ mode: { type: 'Fungible', decimalPoints: 0 } });\nconst newNftTokenId = await helpers_1.createItemExpectSuccess(Alice, nftCollectionId, 'Fungible');\nawait helpers_1.transferExpectSuccess(nftCollectionId, newNftTokenId, Alice, Bob, 10, 'Fungible');\nawait helpers_1.approveExpectSuccess(nftCollectionId, newNftTokenId, Bob, Alice, 10);\nawait helpers_1.approveExpectFail(nftCollectionId, newNftTokenId, Bob, Alice, 1);",
              "err": {},
              "uuid": "791a84c5-527a-416d-b3df-ff271c2e1b06",
              "parentUUID": null,
              "isHook": false,
              "skipped": true
            },
            {
              "title": "fails when called by collection owner on non-owned item when OwnerCanTransfer == false",
              "fullTitle": "Negative Integration Test approve(spender, collection_id, item_id, amount): fails when called by collection owner on non-owned item when OwnerCanTransfer == false",
              "timedOut": false,
              "duration": 0,
              "state": null,
              "speed": null,
              "pass": false,
              "fail": false,
              "pending": false,
              "context": null,
              "code": "const collectionId = await helpers_1.createCollectionExpectSuccess();\nconst itemId = await helpers_1.createItemExpectSuccess(Alice, collectionId, 'NFT', Bob.address);\nawait helpers_1.setCollectionLimitsExpectSuccess(Alice, collectionId, { OwnerCanTransfer: false });\nawait helpers_1.approveExpectFail(collectionId, itemId, Alice, Charlie);",
              "err": {},
              "uuid": "4f9a097e-535d-4a36-9373-245ee1a86171",
              "parentUUID": null,
              "isHook": false,
              "skipped": true
            }
          ],
          "suites": [],
          "passes": [],
          "failures": [],
          "pending": [],
          "skipped": [
            "57f2f5eb-c881-4963-8d9d-379b5cd553f0",
            "38827096-3e94-4bcc-be0c-3b7c3ba7d69d",
            "ad56e131-a17c-41e6-b1e2-63802f3ed386",
            "b4820ad0-7f0e-4ec6-8aeb-e8ce85421337",
            "8c124180-e9e6-400d-b8c2-c2c7d8fbb8fb",
            "68f5b592-5b15-483b-93bf-2eaf69c9852c",
            "791a84c5-527a-416d-b3df-ff271c2e1b06",
            "4f9a097e-535d-4a36-9373-245ee1a86171"
          ],
          "duration": 0,
          "root": false,
          "rootEmpty": false,
          "_timeout": 9999999
        },
        {
          "uuid": "ffbd7ce9-1b21-4083-814b-9c633c3f15bb",
          "title": "Integration Test approve(spender, collection_id, item_id, amount) with collection admin permissions:",
          "fullFile": "/nft_parachain/tests/src/approve.test.ts",
          "file": "/src/approve.test.ts",
          "beforeHooks": [
            {
              "title": "\"before all\" hook",
              "fullTitle": "Integration Test approve(spender, collection_id, item_id, amount) with collection admin permissions: \"before all\" hook",
              "timedOut": false,
              "duration": 0,
              "state": null,
              "speed": null,
              "pass": false,
              "fail": false,
              "pending": false,
              "context": null,
              "code": "await substrate_api_1.default(async () => {\n    Alice = privateKey_1.default('//Alice');\n    Bob = privateKey_1.default('//Bob');\n    Charlie = privateKey_1.default('//Charlie');\n});",
              "err": {},
              "uuid": "6a7aa23b-1aae-4eac-88d9-26472e020fd3",
              "parentUUID": null,
              "isHook": true,
              "skipped": false
            }
          ],
          "afterHooks": [],
          "tests": [
            {
              "title": "can be called by collection admin on non-owned item",
              "fullTitle": "Integration Test approve(spender, collection_id, item_id, amount) with collection admin permissions: can be called by collection admin on non-owned item",
              "timedOut": false,
              "duration": 0,
              "state": null,
              "speed": null,
              "pass": false,
              "fail": false,
              "pending": false,
              "context": null,
              "code": "const collectionId = await helpers_1.createCollectionExpectSuccess();\nconst itemId = await helpers_1.createItemExpectSuccess(Alice, collectionId, 'NFT', Alice.address);\nawait helpers_1.addCollectionAdminExpectSuccess(Alice, collectionId, Bob);\nawait helpers_1.approveExpectSuccess(collectionId, itemId, Bob, Charlie);",
              "err": {},
              "uuid": "a31ccf62-8920-4e14-9b8d-bc74a0ca7566",
              "parentUUID": null,
              "isHook": false,
              "skipped": true
            }
          ],
          "suites": [],
          "passes": [],
          "failures": [],
          "pending": [],
          "skipped": [
            "a31ccf62-8920-4e14-9b8d-bc74a0ca7566"
          ],
          "duration": 0,
          "root": false,
          "rootEmpty": false,
          "_timeout": 9999999
        },
        {
          "uuid": "4d1d3346-8d28-4bd0-98d0-d2a6cac5608b",
          "title": "Block Production smoke test",
          "fullFile": "/nft_parachain/tests/src/block-production.test.ts",
          "file": "/src/block-production.test.ts",
          "beforeHooks": [],
          "afterHooks": [],
          "tests": [
            {
              "title": "Node produces new blocks",
              "fullTitle": "Block Production smoke test Node produces new blocks",
              "timedOut": false,
              "duration": 0,
              "state": null,
              "speed": null,
              "pass": false,
              "fail": false,
              "pending": false,
              "context": null,
              "code": "await substrate_api_1.default(async (api) => {\n    const blocks = await getBlocks(api);\n    chai_1.expect(blocks[0]).to.be.lessThan(blocks[1]);\n});",
              "err": {},
              "uuid": "44b68326-4b05-4eeb-beca-5994a2bec2fd",
              "parentUUID": null,
              "isHook": false,
              "skipped": true
            }
          ],
          "suites": [],
          "passes": [],
          "failures": [],
          "pending": [],
          "skipped": [
            "44b68326-4b05-4eeb-beca-5994a2bec2fd"
          ],
          "duration": 0,
          "root": false,
          "rootEmpty": false,
          "_timeout": 9999999
        },
        {
          "uuid": "31630dc0-1bc3-4608-9307-b6efb62d0b57",
          "title": "integration test: ext. burnItem():",
          "fullFile": "/nft_parachain/tests/src/burnItem.test.ts",
          "file": "/src/burnItem.test.ts",
          "beforeHooks": [
            {
              "title": "\"before all\" hook",
              "fullTitle": "integration test: ext. burnItem(): \"before all\" hook",
              "timedOut": false,
              "duration": 0,
              "state": null,
              "speed": null,
              "pass": false,
              "fail": false,
              "pending": false,
              "context": null,
              "code": "await substrate_api_1.default(async () => {\n    const keyring = new api_1.Keyring({ type: 'sr25519' });\n    alice = keyring.addFromUri('//Alice');\n    bob = keyring.addFromUri('//Bob');\n});",
              "err": {},
              "uuid": "106d90d4-57ff-46c4-8870-1c7fd149c0ab",
              "parentUUID": null,
              "isHook": true,
              "skipped": false
            }
          ],
          "afterHooks": [],
          "tests": [
            {
              "title": "Burn item in NFT collection",
              "fullTitle": "integration test: ext. burnItem(): Burn item in NFT collection",
              "timedOut": false,
              "duration": 0,
              "state": null,
              "speed": null,
              "pass": false,
              "fail": false,
              "pending": false,
              "context": null,
              "code": "const createMode = 'NFT';\nconst collectionId = await helpers_1.createCollectionExpectSuccess({ mode: { type: createMode } });\nconst tokenId = await helpers_1.createItemExpectSuccess(alice, collectionId, createMode);\nawait substrate_api_1.default(async (api) => {\n    const tx = api.tx.nft.burnItem(collectionId, tokenId, 0);\n    const events = await substrate_api_1.submitTransactionAsync(alice, tx);\n    const result = helpers_1.getGenericResult(events);\n    // Get the item\n    const item = (await api.query.nft.nftItemList(collectionId, tokenId)).toJSON();\n    // What to expect\n    // tslint:disable-next-line:no-unused-expression\n    expect(result.success).to.be.true;\n    // tslint:disable-next-line:no-unused-expression\n    expect(item).to.be.null;\n});",
              "err": {},
              "uuid": "db281de7-6da6-4d2d-9005-21e20a011fc2",
              "parentUUID": null,
              "isHook": false,
              "skipped": true
            },
            {
              "title": "Burn item in Fungible collection",
              "fullTitle": "integration test: ext. burnItem(): Burn item in Fungible collection",
              "timedOut": false,
              "duration": 0,
              "state": null,
              "speed": null,
              "pass": false,
              "fail": false,
              "pending": false,
              "context": null,
              "code": "const createMode = 'Fungible';\nconst collectionId = await helpers_1.createCollectionExpectSuccess({ mode: { type: createMode, decimalPoints: 0 } });\nawait helpers_1.createItemExpectSuccess(alice, collectionId, createMode); // Helper creates 10 fungible tokens\nconst tokenId = 0; // ignored\nawait substrate_api_1.default(async (api) => {\n    // Destroy 1 of 10\n    const tx = api.tx.nft.burnItem(collectionId, tokenId, 1);\n    const events = await substrate_api_1.submitTransactionAsync(alice, tx);\n    const result = helpers_1.getGenericResult(events);\n    // Get alice balance \n    const balance = (await api.query.nft.fungibleItemList(collectionId, alice.address)).toJSON();\n    // What to expect\n    expect(result.success).to.be.true;\n    expect(balance).to.be.not.null;\n    expect(balance.Value).to.be.equal(9);\n});",
              "err": {},
              "uuid": "dcfdcd23-ef39-4a88-9bf1-74de618d7535",
              "parentUUID": null,
              "isHook": false,
              "skipped": true
            },
            {
              "title": "Burn item in ReFungible collection",
              "fullTitle": "integration test: ext. burnItem(): Burn item in ReFungible collection",
              "timedOut": false,
              "duration": 0,
              "state": null,
              "speed": null,
              "pass": false,
              "fail": false,
              "pending": false,
              "context": null,
              "code": "const createMode = 'ReFungible';\nconst collectionId = await helpers_1.createCollectionExpectSuccess({ mode: { type: createMode } });\nconst tokenId = await helpers_1.createItemExpectSuccess(alice, collectionId, createMode);\nawait substrate_api_1.default(async (api) => {\n    const tx = api.tx.nft.burnItem(collectionId, tokenId, 1);\n    const events = await substrate_api_1.submitTransactionAsync(alice, tx);\n    const result = helpers_1.getGenericResult(events);\n    // Get alice balance \n    const balance = (await api.query.nft.reFungibleItemList(collectionId, tokenId)).toJSON();\n    // What to expect\n    expect(result.success).to.be.true;\n    expect(balance).to.be.null;\n});",
              "err": {},
              "uuid": "30dfae18-db02-458d-91da-cd9ca371dabf",
              "parentUUID": null,
              "isHook": false,
              "skipped": true
            },
            {
              "title": "Burn owned portion of item in ReFungible collection",
              "fullTitle": "integration test: ext. burnItem(): Burn owned portion of item in ReFungible collection",
              "timedOut": false,
              "duration": 0,
              "state": null,
              "speed": null,
              "pass": false,
              "fail": false,
              "pending": false,
              "context": null,
              "code": "const createMode = 'ReFungible';\nconst collectionId = await helpers_1.createCollectionExpectSuccess({ mode: { type: createMode } });\nconst tokenId = await helpers_1.createItemExpectSuccess(alice, collectionId, createMode);\nawait substrate_api_1.default(async (api) => {\n    // Transfer 1/100 of the token to Bob\n    const transfertx = api.tx.nft.transfer(helpers_1.normalizeAccountId(bob.address), collectionId, tokenId, 1);\n    const events1 = await substrate_api_1.submitTransactionAsync(alice, transfertx);\n    const result1 = helpers_1.getGenericResult(events1);\n    // Get balances\n    const balanceBefore = (await api.query.nft.reFungibleItemList(collectionId, tokenId)).toJSON();\n    // Bob burns his portion\n    const tx = api.tx.nft.burnItem(collectionId, tokenId, 0);\n    const events2 = await substrate_api_1.submitTransactionAsync(bob, tx);\n    const result2 = helpers_1.getGenericResult(events2);\n    // Get balances \n    const balance = (await api.query.nft.reFungibleItemList(collectionId, tokenId)).toJSON();\n    // console.log(balance);\n    // What to expect before burning\n    expect(result1.success).to.be.true;\n    expect(balanceBefore).to.be.not.null;\n    expect(balanceBefore.Owner.length).to.be.equal(2);\n    expect(balanceBefore.Owner[0].Owner).to.be.deep.equal(helpers_1.normalizeAccountId(alice.address));\n    expect(balanceBefore.Owner[0].Fraction).to.be.equal(99);\n    expect(balanceBefore.Owner[1].Owner).to.be.deep.equal(helpers_1.normalizeAccountId(bob.address));\n    expect(balanceBefore.Owner[1].Fraction).to.be.equal(1);\n    // What to expect after burning\n    expect(result2.success).to.be.true;\n    expect(balance).to.be.not.null;\n    expect(balance.Owner.length).to.be.equal(1);\n    expect(balance.Owner[0].Fraction).to.be.equal(99);\n    expect(balance.Owner[0].Owner).to.be.deep.equal(helpers_1.normalizeAccountId(alice.address));\n});",
              "err": {},
              "uuid": "fb1160e0-cf9c-4e27-96c2-353e01a09422",
              "parentUUID": null,
              "isHook": false,
              "skipped": true
            }
          ],
          "suites": [],
          "passes": [],
          "failures": [],
          "pending": [],
          "skipped": [
            "db281de7-6da6-4d2d-9005-21e20a011fc2",
            "dcfdcd23-ef39-4a88-9bf1-74de618d7535",
            "30dfae18-db02-458d-91da-cd9ca371dabf",
            "fb1160e0-cf9c-4e27-96c2-353e01a09422"
          ],
          "duration": 0,
          "root": false,
          "rootEmpty": false,
          "_timeout": 9999999
        },
        {
          "uuid": "16273f03-1dd5-4058-a84a-cc4d6aa4832c",
          "title": "integration test: ext. burnItem() with admin permissions:",
          "fullFile": "/nft_parachain/tests/src/burnItem.test.ts",
          "file": "/src/burnItem.test.ts",
          "beforeHooks": [
            {
              "title": "\"before all\" hook",
              "fullTitle": "integration test: ext. burnItem() with admin permissions: \"before all\" hook",
              "timedOut": false,
              "duration": 0,
              "state": null,
              "speed": null,
              "pass": false,
              "fail": false,
              "pending": false,
              "context": null,
              "code": "await substrate_api_1.default(async () => {\n    const keyring = new api_1.Keyring({ type: 'sr25519' });\n    alice = keyring.addFromUri('//Alice');\n    bob = keyring.addFromUri('//Bob');\n});",
              "err": {},
              "uuid": "97633032-cfa2-424d-a9fd-74b7e9758ddd",
              "parentUUID": null,
              "isHook": true,
              "skipped": false
            }
          ],
          "afterHooks": [],
          "tests": [
            {
              "title": "Burn item in NFT collection",
              "fullTitle": "integration test: ext. burnItem() with admin permissions: Burn item in NFT collection",
              "timedOut": false,
              "duration": 0,
              "state": null,
              "speed": null,
              "pass": false,
              "fail": false,
              "pending": false,
              "context": null,
              "code": "const createMode = 'NFT';\nconst collectionId = await helpers_1.createCollectionExpectSuccess({ mode: { type: createMode } });\nconst tokenId = await helpers_1.createItemExpectSuccess(alice, collectionId, createMode);\nawait helpers_1.addCollectionAdminExpectSuccess(alice, collectionId, bob);\nawait substrate_api_1.default(async (api) => {\n    const tx = api.tx.nft.burnItem(collectionId, tokenId, 0);\n    const events = await substrate_api_1.submitTransactionAsync(bob, tx);\n    const result = helpers_1.getGenericResult(events);\n    // Get the item\n    const item = (await api.query.nft.nftItemList(collectionId, tokenId)).toJSON();\n    // What to expect\n    // tslint:disable-next-line:no-unused-expression\n    expect(result.success).to.be.true;\n    // tslint:disable-next-line:no-unused-expression\n    expect(item).to.be.null;\n});",
              "err": {},
              "uuid": "b1fc4b6a-2a91-4fe7-b286-47e8aa974059",
              "parentUUID": null,
              "isHook": false,
              "skipped": true
            }
          ],
          "suites": [],
          "passes": [],
          "failures": [],
          "pending": [],
          "skipped": [
            "b1fc4b6a-2a91-4fe7-b286-47e8aa974059"
          ],
          "duration": 0,
          "root": false,
          "rootEmpty": false,
          "_timeout": 9999999
        },
        {
          "uuid": "452f3792-5d1a-4859-a360-cfffe0b60deb",
          "title": "Negative integration test: ext. burnItem():",
          "fullFile": "/nft_parachain/tests/src/burnItem.test.ts",
          "file": "/src/burnItem.test.ts",
          "beforeHooks": [
            {
              "title": "\"before all\" hook",
              "fullTitle": "Negative integration test: ext. burnItem(): \"before all\" hook",
              "timedOut": false,
              "duration": 0,
              "state": null,
              "speed": null,
              "pass": false,
              "fail": false,
              "pending": false,
              "context": null,
              "code": "await substrate_api_1.default(async () => {\n    const keyring = new api_1.Keyring({ type: 'sr25519' });\n    alice = keyring.addFromUri('//Alice');\n    bob = keyring.addFromUri('//Bob');\n});",
              "err": {},
              "uuid": "069a8925-8f20-4ec3-9704-f3150eda6653",
              "parentUUID": null,
              "isHook": true,
              "skipped": false
            }
          ],
          "afterHooks": [],
          "tests": [
            {
              "title": "Burn a token in a destroyed collection",
              "fullTitle": "Negative integration test: ext. burnItem(): Burn a token in a destroyed collection",
              "timedOut": false,
              "duration": 0,
              "state": null,
              "speed": null,
              "pass": false,
              "fail": false,
              "pending": false,
              "context": null,
              "code": "const createMode = 'NFT';\nconst collectionId = await helpers_1.createCollectionExpectSuccess({ mode: { type: createMode } });\nconst tokenId = await helpers_1.createItemExpectSuccess(alice, collectionId, createMode);\nawait helpers_1.destroyCollectionExpectSuccess(collectionId);\nawait substrate_api_1.default(async (api) => {\n    const tx = api.tx.nft.burnItem(collectionId, tokenId, 0);\n    const badTransaction = async function () {\n        await substrate_api_1.submitTransactionExpectFailAsync(alice, tx);\n    };\n    await expect(badTransaction()).to.be.rejected;\n});",
              "err": {},
              "uuid": "80c1a171-453f-4a6c-8b50-dd960a40599f",
              "parentUUID": null,
              "isHook": false,
              "skipped": true
            },
            {
              "title": "Burn a token that was never created",
              "fullTitle": "Negative integration test: ext. burnItem(): Burn a token that was never created",
              "timedOut": false,
              "duration": 0,
              "state": null,
              "speed": null,
              "pass": false,
              "fail": false,
              "pending": false,
              "context": null,
              "code": "const createMode = 'NFT';\nconst collectionId = await helpers_1.createCollectionExpectSuccess({ mode: { type: createMode } });\nconst tokenId = 10;\nawait substrate_api_1.default(async (api) => {\n    const tx = api.tx.nft.burnItem(collectionId, tokenId, 0);\n    const badTransaction = async function () {\n        await substrate_api_1.submitTransactionExpectFailAsync(alice, tx);\n    };\n    await expect(badTransaction()).to.be.rejected;\n});",
              "err": {},
              "uuid": "316a7d3b-76ac-43e5-af33-fc3be17131b6",
              "parentUUID": null,
              "isHook": false,
              "skipped": true
            },
            {
              "title": "Burn a token using the address that does not own it",
              "fullTitle": "Negative integration test: ext. burnItem(): Burn a token using the address that does not own it",
              "timedOut": false,
              "duration": 0,
              "state": null,
              "speed": null,
              "pass": false,
              "fail": false,
              "pending": false,
              "context": null,
              "code": "const createMode = 'NFT';\nconst collectionId = await helpers_1.createCollectionExpectSuccess({ mode: { type: createMode } });\nconst tokenId = await helpers_1.createItemExpectSuccess(alice, collectionId, createMode);\nawait substrate_api_1.default(async (api) => {\n    const tx = api.tx.nft.burnItem(collectionId, tokenId, 0);\n    const badTransaction = async function () {\n        await substrate_api_1.submitTransactionExpectFailAsync(bob, tx);\n    };\n    await expect(badTransaction()).to.be.rejected;\n});",
              "err": {},
              "uuid": "91f485b0-7d62-4170-b47e-a4e982a2ff55",
              "parentUUID": null,
              "isHook": false,
              "skipped": true
            },
            {
              "title": "Transfer a burned a token",
              "fullTitle": "Negative integration test: ext. burnItem(): Transfer a burned a token",
              "timedOut": false,
              "duration": 0,
              "state": null,
              "speed": null,
              "pass": false,
              "fail": false,
              "pending": false,
              "context": null,
[...]
          "pending": [],
          "skipped": [
            "404522b7-6b2c-4cab-a92f-51701c8d5e56",
            "67cc81b1-6b4d-4368-a5a8-4f53f3ed0401",
            "f796b3fb-c283-49e4-af9d-a0d155adb5b9"
          ],
          "duration": 0,
          "root": false,
          "rootEmpty": false,
          "_timeout": 9999999
        },
        {
          "uuid": "da6c9c5d-e934-43c6-b4f5-d81ee5822d3d",
          "title": "Negative Integration Test transferFrom(from, recipient, collection_id, item_id, value):",
          "fullFile": "/nft_parachain/tests/src/transferFrom.test.ts",
          "file": "/src/transferFrom.test.ts",
          "beforeHooks": [
            {
              "title": "\"before all\" hook",
              "fullTitle": "Negative Integration Test transferFrom(from, recipient, collection_id, item_id, value): \"before all\" hook",
              "timedOut": false,
              "duration": 0,
              "state": null,
              "speed": null,
              "pass": false,
              "fail": false,
              "pending": false,
              "context": null,
              "code": "await substrate_api_1.default(async () => {\n    Alice = privateKey_1.default('//Alice');\n    Bob = privateKey_1.default('//Bob');\n    Charlie = privateKey_1.default('//Charlie');\n});",
              "err": {},
              "uuid": "16c7cbf7-e6c2-4528-9716-20bce579c2c0",
              "parentUUID": null,
              "isHook": true,
              "skipped": false
            }
          ],
          "afterHooks": [],
          "tests": [
            {
              "title": "transferFrom for a collection that does not exist",
              "fullTitle": "Negative Integration Test transferFrom(from, recipient, collection_id, item_id, value): transferFrom for a collection that does not exist",
              "timedOut": false,
              "duration": 0,
              "state": null,
              "speed": null,
              "pass": false,
              "fail": false,
              "pending": false,
              "context": null,
              "code": "await substrate_api_1.default(async (api) => {\n    // nft\n    const nftCollectionCount = await api.query.nft.createdCollectionCount();\n    await helpers_1.approveExpectFail(nftCollectionCount + 1, 1, Alice, Bob);\n    await helpers_1.transferFromExpectFail(nftCollectionCount + 1, 1, Bob, Alice, Charlie, 1);\n    // fungible\n    const fungibleCollectionCount = await api.query.nft.createdCollectionCount();\n    await helpers_1.approveExpectFail(fungibleCollectionCount + 1, 1, Alice, Bob);\n    await helpers_1.transferFromExpectFail(fungibleCollectionCount + 1, 1, Bob, Alice, Charlie, 1);\n    // reFungible\n    const reFungibleCollectionCount = await api.query.nft.createdCollectionCount();\n    await helpers_1.approveExpectFail(reFungibleCollectionCount + 1, 1, Alice, Bob);\n    await helpers_1.transferFromExpectFail(reFungibleCollectionCount + 1, 1, Bob, Alice, Charlie, 1);\n});",
              "err": {},
              "uuid": "a5d44056-808b-4e47-ade8-bd1895df0d4a",
              "parentUUID": null,
              "isHook": false,
              "skipped": true
            },
            {
              "title": "transferFrom for not approved address",
              "fullTitle": "Negative Integration Test transferFrom(from, recipient, collection_id, item_id, value): transferFrom for not approved address",
              "timedOut": false,
              "duration": 0,
              "state": null,
              "speed": null,
              "pass": false,
              "fail": false,
              "pending": false,
              "context": null,
              "code": "await substrate_api_1.default(async () => {\n    // nft\n    const nftCollectionId = await helpers_1.createCollectionExpectSuccess();\n    const newNftTokenId = await helpers_1.createItemExpectSuccess(Alice, nftCollectionId, 'NFT');\n    await helpers_1.transferFromExpectFail(nftCollectionId, newNftTokenId, Bob, Alice, Charlie, 1);\n    // fungible\n    const fungibleCollectionId = await helpers_1.createCollectionExpectSuccess({ mode: { type: 'Fungible', decimalPoints: 0 } });\n    const newFungibleTokenId = await helpers_1.createItemExpectSuccess(Alice, fungibleCollectionId, 'Fungible');\n    await helpers_1.transferFromExpectFail(fungibleCollectionId, newFungibleTokenId, Bob, Alice, Charlie, 1);\n    // reFungible\n    const reFungibleCollectionId = await helpers_1.createCollectionExpectSuccess({ mode: { type: 'ReFungible' } });\n    const newReFungibleTokenId = await helpers_1.createItemExpectSuccess(Alice, reFungibleCollectionId, 'ReFungible');\n    await helpers_1.transferFromExpectFail(reFungibleCollectionId, newReFungibleTokenId, Bob, Alice, Charlie, 1);\n});",
              "err": {},
              "uuid": "4b7c8080-6427-4e7e-afa5-0bf79d02c87b",
              "parentUUID": null,
              "isHook": false,
              "skipped": true
            },
            {
              "title": "transferFrom incorrect token count",
              "fullTitle": "Negative Integration Test transferFrom(from, recipient, collection_id, item_id, value): transferFrom incorrect token count",
              "timedOut": false,
              "duration": 0,
              "state": null,
              "speed": null,
              "pass": false,
              "fail": false,
              "pending": false,
              "context": null,
              "code": "await substrate_api_1.default(async () => {\n    // nft\n    const nftCollectionId = await helpers_1.createCollectionExpectSuccess();\n    const newNftTokenId = await helpers_1.createItemExpectSuccess(Alice, nftCollectionId, 'NFT');\n    await helpers_1.approveExpectSuccess(nftCollectionId, newNftTokenId, Alice, Bob);\n    await helpers_1.transferFromExpectFail(nftCollectionId, newNftTokenId, Bob, Alice, Charlie, 2);\n    // fungible\n    const fungibleCollectionId = await helpers_1.createCollectionExpectSuccess({ mode: { type: 'Fungible', decimalPoints: 0 } });\n    const newFungibleTokenId = await helpers_1.createItemExpectSuccess(Alice, fungibleCollectionId, 'Fungible');\n    await helpers_1.approveExpectSuccess(fungibleCollectionId, newFungibleTokenId, Alice, Bob);\n    await helpers_1.transferFromExpectFail(fungibleCollectionId, newFungibleTokenId, Bob, Alice, Charlie, 2);\n    // reFungible\n    const reFungibleCollectionId = await helpers_1.createCollectionExpectSuccess({ mode: { type: 'ReFungible' } });\n    const newReFungibleTokenId = await helpers_1.createItemExpectSuccess(Alice, reFungibleCollectionId, 'ReFungible');\n    await helpers_1.approveExpectSuccess(reFungibleCollectionId, newReFungibleTokenId, Alice, Bob);\n    await helpers_1.transferFromExpectFail(reFungibleCollectionId, newReFungibleTokenId, Bob, Alice, Charlie, 2);\n});",
              "err": {},
              "uuid": "ec426f3f-098a-4625-81db-114d31d1a074",
              "parentUUID": null,
              "isHook": false,
              "skipped": true
            },
            {
              "title": "execute transferFrom from account that is not owner of collection",
              "fullTitle": "Negative Integration Test transferFrom(from, recipient, collection_id, item_id, value): execute transferFrom from account that is not owner of collection",
              "timedOut": false,
              "duration": 0,
              "state": null,
              "speed": null,
              "pass": false,
              "fail": false,
              "pending": false,
              "context": null,
              "code": "await substrate_api_1.default(async () => {\n    const Dave = privateKey_1.default('//Dave');\n    // nft\n    const nftCollectionId = await helpers_1.createCollectionExpectSuccess();\n    const newNftTokenId = await helpers_1.createItemExpectSuccess(Alice, nftCollectionId, 'NFT');\n    try {\n        await helpers_1.approveExpectFail(nftCollectionId, newNftTokenId, Dave, Bob);\n        await helpers_1.transferFromExpectFail(nftCollectionId, newNftTokenId, Dave, Alice, Charlie, 1);\n    }\n    catch (e) {\n        // tslint:disable-next-line:no-unused-expression\n        expect(e).to.be.exist;\n    }\n    // await transferFromExpectFail(nftCollectionId, newNftTokenId, Dave, Alice, Charlie, 1);\n    // fungible\n    const fungibleCollectionId = await helpers_1.createCollectionExpectSuccess({ mode: { type: 'Fungible', decimalPoints: 0 } });\n    const newFungibleTokenId = await helpers_1.createItemExpectSuccess(Alice, fungibleCollectionId, 'Fungible');\n    try {\n        await helpers_1.approveExpectFail(fungibleCollectionId, newFungibleTokenId, Dave, Bob);\n        await helpers_1.transferFromExpectFail(fungibleCollectionId, newFungibleTokenId, Dave, Alice, Charlie, 1);\n    }\n    catch (e) {\n        // tslint:disable-next-line:no-unused-expression\n        expect(e).to.be.exist;\n    }\n    // reFungible\n    const reFungibleCollectionId = await helpers_1.createCollectionExpectSuccess({ mode: { type: 'ReFungible' } });\n    const newReFungibleTokenId = await helpers_1.createItemExpectSuccess(Alice, reFungibleCollectionId, 'ReFungible');\n    try {\n        await helpers_1.approveExpectFail(reFungibleCollectionId, newReFungibleTokenId, Dave, Bob);\n        await helpers_1.transferFromExpectFail(reFungibleCollectionId, newReFungibleTokenId, Dave, Alice, Charlie, 1);\n    }\n    catch (e) {\n        // tslint:disable-next-line:no-unused-expression\n        expect(e).to.be.exist;\n    }\n});",
              "err": {},
              "uuid": "3f42770c-0612-4bda-9549-e6fd8f5ddc02",
              "parentUUID": null,
              "isHook": false,
              "skipped": true
            },
            {
              "title": "transferFrom burnt token before approve NFT",
              "fullTitle": "Negative Integration Test transferFrom(from, recipient, collection_id, item_id, value): transferFrom burnt token before approve NFT",
              "timedOut": false,
              "duration": 0,
              "state": null,
              "speed": null,
              "pass": false,
              "fail": false,
              "pending": false,
              "context": null,
              "code": "await substrate_api_1.default(async () => {\n    // nft\n    const nftCollectionId = await helpers_1.createCollectionExpectSuccess();\n    const newNftTokenId = await helpers_1.createItemExpectSuccess(Alice, nftCollectionId, 'NFT');\n    await helpers_1.burnItemExpectSuccess(Alice, nftCollectionId, newNftTokenId, 1);\n    await helpers_1.approveExpectFail(nftCollectionId, newNftTokenId, Alice, Bob);\n    await helpers_1.transferFromExpectFail(nftCollectionId, newNftTokenId, Bob, Alice, Charlie, 1);\n});",
              "err": {},
              "uuid": "f2ba3a52-2534-41d8-9030-8cb7882140ef",
              "parentUUID": null,
              "isHook": false,
              "skipped": true
            },
            {
              "title": "transferFrom burnt token before approve Fungible",
              "fullTitle": "Negative Integration Test transferFrom(from, recipient, collection_id, item_id, value): transferFrom burnt token before approve Fungible",
              "timedOut": false,
              "duration": 0,
              "state": null,
              "speed": null,
              "pass": false,
              "fail": false,
              "pending": false,
              "context": null,
              "code": "await substrate_api_1.default(async () => {\n    const fungibleCollectionId = await helpers_1.createCollectionExpectSuccess({ mode: { type: 'Fungible', decimalPoints: 0 } });\n    const newFungibleTokenId = await helpers_1.createItemExpectSuccess(Alice, fungibleCollectionId, 'Fungible');\n    await helpers_1.burnItemExpectSuccess(Alice, fungibleCollectionId, 1, 10);\n    await helpers_1.approveExpectSuccess(fungibleCollectionId, newFungibleTokenId, Alice, Bob);\n    await helpers_1.transferFromExpectFail(fungibleCollectionId, newFungibleTokenId, Bob, Alice, Charlie, 1);\n});",
              "err": {},
              "uuid": "d50d2028-3c93-4588-a866-c4f15bddb4ca",
              "parentUUID": null,
              "isHook": false,
              "skipped": true
            },
            {
              "title": "transferFrom burnt token before approve ReFungible",
              "fullTitle": "Negative Integration Test transferFrom(from, recipient, collection_id, item_id, value): transferFrom burnt token before approve ReFungible",
              "timedOut": false,
              "duration": 0,
              "state": null,
              "speed": null,
              "pass": false,
              "fail": false,
              "pending": false,
              "context": null,
              "code": "await substrate_api_1.default(async () => {\n    const reFungibleCollectionId = await helpers_1.createCollectionExpectSuccess({ mode: { type: 'ReFungible' } });\n    const newReFungibleTokenId = await helpers_1.createItemExpectSuccess(Alice, reFungibleCollectionId, 'ReFungible');\n    await helpers_1.burnItemExpectSuccess(Alice, reFungibleCollectionId, newReFungibleTokenId, 1);\n    await helpers_1.approveExpectFail(reFungibleCollectionId, newReFungibleTokenId, Alice, Bob);\n    await helpers_1.transferFromExpectFail(reFungibleCollectionId, newReFungibleTokenId, Bob, Alice, Charlie, 1);\n});",
              "err": {},
              "uuid": "1b9fb2ec-9327-436e-b5aa-2331c5e7af30",
              "parentUUID": null,
              "isHook": false,
              "skipped": true
            },
            {
              "title": "transferFrom burnt token after approve NFT",
              "fullTitle": "Negative Integration Test transferFrom(from, recipient, collection_id, item_id, value): transferFrom burnt token after approve NFT",
              "timedOut": false,
              "duration": 0,
              "state": null,
              "speed": null,
              "pass": false,
              "fail": false,
              "pending": false,
              "context": null,
              "code": "await substrate_api_1.default(async () => {\n    // nft\n    const nftCollectionId = await helpers_1.createCollectionExpectSuccess();\n    const newNftTokenId = await helpers_1.createItemExpectSuccess(Alice, nftCollectionId, 'NFT');\n    await helpers_1.approveExpectSuccess(nftCollectionId, newNftTokenId, Alice, Bob);\n    await helpers_1.burnItemExpectSuccess(Alice, nftCollectionId, newNftTokenId, 1);\n    await helpers_1.transferFromExpectFail(nftCollectionId, newNftTokenId, Bob, Alice, Charlie, 1);\n});",
              "err": {},
              "uuid": "7321a1d8-58d6-40f8-a8f6-64a521b2b004",
              "parentUUID": null,
              "isHook": false,
              "skipped": true
            },
            {
              "title": "transferFrom burnt token after approve Fungible",
              "fullTitle": "Negative Integration Test transferFrom(from, recipient, collection_id, item_id, value): transferFrom burnt token after approve Fungible",
              "timedOut": false,
              "duration": 0,
              "state": null,
              "speed": null,
              "pass": false,
              "fail": false,
              "pending": false,
              "context": null,
              "code": "await substrate_api_1.default(async () => {\n    const fungibleCollectionId = await helpers_1.createCollectionExpectSuccess({ mode: { type: 'Fungible', decimalPoints: 0 } });\n    const newFungibleTokenId = await helpers_1.createItemExpectSuccess(Alice, fungibleCollectionId, 'Fungible');\n    await helpers_1.approveExpectSuccess(fungibleCollectionId, newFungibleTokenId, Alice, Bob);\n    await helpers_1.burnItemExpectSuccess(Alice, fungibleCollectionId, 1, 10);\n    await helpers_1.transferFromExpectFail(fungibleCollectionId, newFungibleTokenId, Bob, Alice, Charlie, 1);\n});",
              "err": {},
              "uuid": "9e0127f4-4609-415d-8aed-07f00745e523",
              "parentUUID": null,
              "isHook": false,
              "skipped": true
            },
            {
              "title": "transferFrom burnt token after approve ReFungible",
              "fullTitle": "Negative Integration Test transferFrom(from, recipient, collection_id, item_id, value): transferFrom burnt token after approve ReFungible",
              "timedOut": false,
              "duration": 0,
              "state": null,
              "speed": null,
              "pass": false,
              "fail": false,
              "pending": false,
              "context": null,
              "code": "await substrate_api_1.default(async () => {\n    const reFungibleCollectionId = await helpers_1.createCollectionExpectSuccess({ mode: { type: 'ReFungible' } });\n    const newReFungibleTokenId = await helpers_1.createItemExpectSuccess(Alice, reFungibleCollectionId, 'ReFungible');\n    await helpers_1.approveExpectSuccess(reFungibleCollectionId, newReFungibleTokenId, Alice, Bob);\n    await helpers_1.burnItemExpectSuccess(Alice, reFungibleCollectionId, newReFungibleTokenId, 1);\n    await helpers_1.transferFromExpectFail(reFungibleCollectionId, newReFungibleTokenId, Bob, Alice, Charlie, 1);\n});",
              "err": {},
              "uuid": "245c015f-866e-4a94-947f-24831361053c",
              "parentUUID": null,
              "isHook": false,
              "skipped": true
            },
            {
              "title": "fails when called by collection owner on non-owned item when OwnerCanTransfer == false",
              "fullTitle": "Negative Integration Test transferFrom(from, recipient, collection_id, item_id, value): fails when called by collection owner on non-owned item when OwnerCanTransfer == false",
              "timedOut": false,
              "duration": 0,
              "state": null,
              "speed": null,
              "pass": false,
              "fail": false,
              "pending": false,
              "context": null,
              "code": "const collectionId = await helpers_1.createCollectionExpectSuccess();\nconst itemId = await helpers_1.createItemExpectSuccess(Alice, collectionId, 'NFT', Bob.address);\nawait helpers_1.setCollectionLimitsExpectSuccess(Alice, collectionId, { OwnerCanTransfer: false });\nawait helpers_1.transferFromExpectFail(collectionId, itemId, Alice, Bob, Charlie);",
              "err": {},
              "uuid": "1ce5816b-f248-446a-80e8-a5cf15efd54f",
              "parentUUID": null,
              "isHook": false,
              "skipped": true
            }
          ],
          "suites": [],
          "passes": [],
          "failures": [],
          "pending": [],
          "skipped": [
            "a5d44056-808b-4e47-ade8-bd1895df0d4a",
            "4b7c8080-6427-4e7e-afa5-0bf79d02c87b",
            "ec426f3f-098a-4625-81db-114d31d1a074",
            "3f42770c-0612-4bda-9549-e6fd8f5ddc02",
            "f2ba3a52-2534-41d8-9030-8cb7882140ef",
            "d50d2028-3c93-4588-a866-c4f15bddb4ca",
            "1b9fb2ec-9327-436e-b5aa-2331c5e7af30",
            "7321a1d8-58d6-40f8-a8f6-64a521b2b004",
            "9e0127f4-4609-415d-8aed-07f00745e523",
            "245c015f-866e-4a94-947f-24831361053c",
            "1ce5816b-f248-446a-80e8-a5cf15efd54f"
          ],
          "duration": 0,
          "root": false,
          "rootEmpty": false,
          "_timeout": 9999999
        }
      ],
      "passes": [],
      "failures": [],
      "pending": [],
      "skipped": [],
      "duration": 0,
      "root": true,
      "rootEmpty": true,
      "_timeout": 9999999
    }
  ],
  "meta": {
    "mocha": {
      "version": "8.4.0"
    },
    "mochawesome": {
      "options": {
        "quiet": false,
        "reportFilename": "mochawesome",
        "saveHtml": true,
        "saveJson": true,
        "consoleReporter": "spec",
        "useInlineDiffs": false,
        "code": true
      },
      "version": "6.2.2"
    },
    "marge": {
      "options": null,
      "version": "5.2.0"
    }
  }
}